{
  "stats": {
    "suites": 1,
    "tests": 4,
    "passes": 3,
    "pending": 1,
    "failures": 0,
    "start": "2024-12-03T17:34:08.491Z",
    "end": "2024-12-03T17:36:05.935Z",
    "duration": 117444,
    "testsRegistered": 4,
    "passPercent": 100,
    "pendingPercent": 25,
    "other": 0,
    "hasOther": false,
    "skipped": 0,
    "hasSkipped": false
  },
  "results": [
    {
      "uuid": "e54aa041-14fc-4b73-81c0-da5e501f0df8",
      "title": "",
      "fullFile": "C:\\Users\\deast\\Work\\Upbond\\upbond_DJ\\e2e_mimaruu\\test\\stg-env\\kurogo_existing_user.js",
      "file": "\\kurogo_existing_user.js",
      "beforeHooks": [],
      "afterHooks": [],
      "tests": [],
      "suites": [
        {
          "uuid": "650f807d-78e6-43c4-8f33-367ce1a1308d",
          "title": "E2E UPBOND Mimaru Kurogo STG",
          "fullFile": "C:\\Users\\deast\\Work\\Upbond\\upbond_DJ\\e2e_mimaruu\\test\\stg-env\\kurogo_existing_user.js",
          "file": "\\kurogo_existing_user.js",
          "beforeHooks": [
            {
              "title": "\"before all\" hook in \"E2E UPBOND Mimaru Kurogo STG\"",
              "fullTitle": "E2E UPBOND Mimaru Kurogo STG \"before all\" hook in \"E2E UPBOND Mimaru Kurogo STG\"",
              "timedOut": false,
              "duration": 963,
              "state": null,
              "speed": null,
              "pass": false,
              "fail": false,
              "pending": false,
              "context": null,
              "code": "driver = await createDriver();",
              "err": {},
              "uuid": "c30db87f-6ab1-437a-af45-67597c7b5c3f",
              "parentUUID": "650f807d-78e6-43c4-8f33-367ce1a1308d",
              "isHook": true,
              "skipped": false
            }
          ],
          "afterHooks": [
            {
              "title": "\"after all\" hook in \"E2E UPBOND Mimaru Kurogo STG\"",
              "fullTitle": "E2E UPBOND Mimaru Kurogo STG \"after all\" hook in \"E2E UPBOND Mimaru Kurogo STG\"",
              "timedOut": false,
              "duration": 136,
              "state": null,
              "speed": null,
              "pass": false,
              "fail": false,
              "pending": false,
              "context": null,
              "code": "await driver.quit();",
              "err": {},
              "uuid": "453a8896-c61e-4706-94c5-f192629a222b",
              "parentUUID": "650f807d-78e6-43c4-8f33-367ce1a1308d",
              "isHook": true,
              "skipped": false
            }
          ],
          "tests": [
            {
              "title": "01. Login Existing User LINE",
              "fullTitle": "E2E UPBOND Mimaru Kurogo STG 01. Login Existing User LINE",
              "timedOut": false,
              "duration": 27854,
              "state": "passed",
              "speed": "slow",
              "pass": true,
              "fail": false,
              "pending": false,
              "context": null,
              "code": "const chai = await import('chai');\nchai.should();\nlet driver = await createDriver();\nawait driver.get('https://stg.d3sllht4la3b94.amplifyapp.com/luggage-delivery/nft/en');\nawait driver.manage().window().maximize();\nawait driver.sleep(10000);\nawait driver.findElement(By.xpath('//span[text()=\" LINE Login\"]')).click();\nawait driver.sleep(500);\nawait driver.wait(until.elementLocated(By.xpath('//div/input[@type=\"text\" and @placeholder=\"Email address\"]')), 500);\nawait driver.findElement(By.xpath('//div/input[@type=\"text\" and @placeholder=\"Email address\"]')).sendKeys(credentials.USRLINE_deastyj);\nawait driver.sleep(500);\nawait driver.findElement(By.xpath(\"//input[@name='tpasswd']\")).sendKeys(credentials.PWDLINE);\nawait driver.sleep(500);\nawait driver.findElement(By.xpath('//button[text()=\"Log in\"]')).click();\nawait driver.sleep(8000);\nawait driver.wait(until.elementLocated(By.xpath('//span[text()=\"Stablecoin Balance\"]')), 8000);\nawait driver.sleep(500);\nawait driver.quit();",
              "err": {},
              "uuid": "5ea75a34-fe90-4dd1-984d-4838072472dc",
              "parentUUID": "650f807d-78e6-43c4-8f33-367ce1a1308d",
              "isHook": false,
              "skipped": false
            },
            {
              "title": "02. Login Existing User Facebook",
              "fullTitle": "E2E UPBOND Mimaru Kurogo STG 02. Login Existing User Facebook",
              "timedOut": false,
              "duration": 0,
              "state": "pending",
              "speed": null,
              "pass": false,
              "fail": false,
              "pending": true,
              "context": null,
              "code": "",
              "err": {},
              "uuid": "cec98332-5b4f-4d60-9347-a38a6e555238",
              "parentUUID": "650f807d-78e6-43c4-8f33-367ce1a1308d",
              "isHook": false,
              "skipped": false
            },
            {
              "title": "03. Login Existing User Google",
              "fullTitle": "E2E UPBOND Mimaru Kurogo STG 03. Login Existing User Google",
              "timedOut": false,
              "duration": 33280,
              "state": "passed",
              "speed": "slow",
              "pass": true,
              "fail": false,
              "pending": false,
              "context": null,
              "code": "const chai = await import('chai');\nchai.should();\nlet driver = await createDriver();\nawait driver.get('https://stg.d3sllht4la3b94.amplifyapp.com/luggage-delivery/nft/en');\nawait driver.manage().window().maximize();\n    \n// Login using Google\nawait driver.findElement(By.xpath('//span[text()=\" Google Login\"]')).click();\nawait driver.findElement(By.xpath('//input[@type=\"email\" and @name=\"identifier\"]')).sendKeys(credentials.USRGOOGLE);\nawait driver.sleep(1000);\nawait driver.findElement(By.xpath('//span[text()=\"Next\"]')).click();\nawait driver.sleep(5000);\nawait driver.wait(until.elementLocated(By.xpath('//input[@type=\"password\" and @name=\"Passwd\"]')), 5000);\nawait driver.findElement(By.xpath('//input[@type=\"password\" and @name=\"Passwd\"]')).sendKeys(credentials.PWDGOOGLE);\nawait driver.sleep(1000);\nawait driver.findElement(By.xpath('//span[text()=\"Next\"]')).click();\nawait driver.sleep(20000);\nawait driver.wait(until.elementLocated(By.xpath('//span[text()=\"Stablecoin Balance\"]')), 8000);\nawait driver.sleep(500);\nawait driver.quit();",
              "err": {},
              "uuid": "29fe28ae-c303-401f-9cdb-be32e61b5ca3",
              "parentUUID": "650f807d-78e6-43c4-8f33-367ce1a1308d",
              "isHook": false,
              "skipped": false
            },
            {
              "title": "04. Login Existing User OTP",
              "fullTitle": "E2E UPBOND Mimaru Kurogo STG 04. Login Existing User OTP",
              "timedOut": false,
              "duration": 55202,
              "state": "passed",
              "speed": "slow",
              "pass": true,
              "fail": false,
              "pending": false,
              "context": null,
              "code": "const chai = await import('chai');\nchai.should();\nlet driver = await createDriver();\nawait driver.get('https://stg.d3sllht4la3b94.amplifyapp.com/luggage-delivery/nft/en');\nawait driver.manage().window().maximize();\n    \n// Login using OTP Email\nawait driver.findElement(By.xpath('//span[@id=\"otp-btn\" and @class=\"new-style-button-text text-center text-otp\"]')).click();\nawait driver.wait(until.elementLocated(By.xpath('//input[@type=\"text\" and @id=\"otp-email\"]')), 5000);\nawait driver.findElement(By.xpath('//input[@type=\"text\" and @id=\"otp-email\"]')).sendKeys(credentials.USROTP);\nawait driver.findElement(By.xpath('//button[@type=\"submit\" and @id=\"otp-button\"]')).click();\nawait driver.sleep(3000);\n// Switch new tab to get OTP code\nlet current_window = await driver.getWindowHandle();\nawait driver.switchTo().newWindow('tab');\nlet windows = await driver.getAllWindowHandles();\nlet tab;\nwindows.forEach(async handle =>{\n    if (handle!=current_window){\n        tab = handle;\n    }\n});\nawait driver.get('https://mail.google.com/');\nawait driver.manage().window().maximize();\nawait driver.findElement(By.xpath('//input[@type=\"email\" and @name=\"identifier\"]')).sendKeys(credentials.USRGOOGLE);\nawait driver.sleep(1000);\nawait driver.findElement(By.xpath('//span[text()=\"Next\"]')).click();\nawait driver.sleep(2500);\nawait driver.wait(until.elementLocated(By.xpath('//input[@type=\"password\" and @name=\"Passwd\"]')), 1000);\nawait driver.findElement(By.xpath('//input[@type=\"password\" and @name=\"Passwd\"]')).sendKeys(credentials.PWDGOOGLE);\nawait driver.sleep(1000);\nawait driver.findElement(By.xpath('//span[text()=\"Next\"]')).click();\nawait driver.sleep(5000);\nawait driver.wait(until.elementLocated(By.xpath('(//a[@title=\"Gmail\" and @href=\"#inbox\"])[2]')), 5000);\nlet topEmail = await driver.wait(until.elementLocated(By.css('tr.zA.zE')), 3000);\nawait topEmail.click();\nlet otpElement = await driver.findElement(By.xpath('(//p)[3]'));\nlet otpCode = await otpElement.getText();\n    \n// Back to login 3.0 page\nawait driver.getAllWindowHandles();\nawait driver.switchTo().window(current_window);\nfor (let i = 0; i < otpCode.length; i++) {\n    let inputElement = await driver.wait(until.elementLocated(By.id(`handleInput${i + 1}`)), 3000);\n    await inputElement.sendKeys(otpCode[i]);\n    await driver.sleep(1000);\n};\nawait driver.sleep(1000);\nawait driver.findElement(By.xpath('//button[@type=\"submit\"]')).click();\nawait driver.sleep(20000);\nawait driver.wait(until.elementLocated(By.xpath('//span[text()=\"Stablecoin Balance\"]')), 8000);\nawait driver.sleep(500);\nawait driver.quit();",
              "err": {},
              "uuid": "7f83d20f-6bf1-4060-8522-1d44e86dfd06",
              "parentUUID": "650f807d-78e6-43c4-8f33-367ce1a1308d",
              "isHook": false,
              "skipped": false
            }
          ],
          "suites": [],
          "passes": [
            "5ea75a34-fe90-4dd1-984d-4838072472dc",
            "29fe28ae-c303-401f-9cdb-be32e61b5ca3",
            "7f83d20f-6bf1-4060-8522-1d44e86dfd06"
          ],
          "failures": [],
          "pending": [
            "cec98332-5b4f-4d60-9347-a38a6e555238"
          ],
          "skipped": [],
          "duration": 116336,
          "root": false,
          "rootEmpty": false,
          "_timeout": 200000
        }
      ],
      "passes": [],
      "failures": [],
      "pending": [],
      "skipped": [],
      "duration": 0,
      "root": true,
      "rootEmpty": true,
      "_timeout": 0
    }
  ],
  "meta": {
    "mocha": {
      "version": "10.8.2"
    },
    "mochawesome": {
      "options": {
        "quiet": false,
        "reportFilename": "mochawesome",
        "saveHtml": true,
        "saveJson": true,
        "consoleReporter": "spec",
        "useInlineDiffs": false,
        "code": true
      },
      "version": "7.1.3"
    },
    "marge": {
      "options": {
        "reportDir": "C:/Users/deast/Work/Upbond/upbond_DJ/e2e_mimaruu/report_result/kurogo_existing_user_stg"
      },
      "version": "6.2.0"
    }
  }
}