{
  "stats": {
    "suites": 1,
    "tests": 4,
    "passes": 3,
    "pending": 1,
    "failures": 0,
    "start": "2024-12-03T17:38:14.590Z",
    "end": "2024-12-03T17:40:26.904Z",
    "duration": 132314,
    "testsRegistered": 4,
    "passPercent": 100,
    "pendingPercent": 25,
    "other": 0,
    "hasOther": false,
    "skipped": 0,
    "hasSkipped": false
  },
  "results": [
    {
      "uuid": "4a18f188-0e58-4db2-b586-1215d4110354",
      "title": "",
      "fullFile": "C:\\Users\\deast\\Work\\Upbond\\upbond_DJ\\e2e_mimaruu\\test\\stg-env\\regicard_existing_user.js",
      "file": "\\regicard_existing_user.js",
      "beforeHooks": [],
      "afterHooks": [],
      "tests": [],
      "suites": [
        {
          "uuid": "3e1527a3-de66-4813-a0ba-880959a8581f",
          "title": "E2E UPBOND Mimaru Regicard STG",
          "fullFile": "C:\\Users\\deast\\Work\\Upbond\\upbond_DJ\\e2e_mimaruu\\test\\stg-env\\regicard_existing_user.js",
          "file": "\\regicard_existing_user.js",
          "beforeHooks": [
            {
              "title": "\"before all\" hook in \"E2E UPBOND Mimaru Regicard STG\"",
              "fullTitle": "E2E UPBOND Mimaru Regicard STG \"before all\" hook in \"E2E UPBOND Mimaru Regicard STG\"",
              "timedOut": false,
              "duration": 945,
              "state": null,
              "speed": null,
              "pass": false,
              "fail": false,
              "pending": false,
              "context": null,
              "code": "driver = await createDriver();",
              "err": {},
              "uuid": "8b077703-52c7-42bd-b6f3-b180285e8b92",
              "parentUUID": "3e1527a3-de66-4813-a0ba-880959a8581f",
              "isHook": true,
              "skipped": false
            }
          ],
          "afterHooks": [
            {
              "title": "\"after all\" hook in \"E2E UPBOND Mimaru Regicard STG\"",
              "fullTitle": "E2E UPBOND Mimaru Regicard STG \"after all\" hook in \"E2E UPBOND Mimaru Regicard STG\"",
              "timedOut": false,
              "duration": 124,
              "state": null,
              "speed": null,
              "pass": false,
              "fail": false,
              "pending": false,
              "context": null,
              "code": "await driver.quit();",
              "err": {},
              "uuid": "a451feb7-2744-4189-a4d8-9b398f7341ea",
              "parentUUID": "3e1527a3-de66-4813-a0ba-880959a8581f",
              "isHook": true,
              "skipped": false
            }
          ],
          "tests": [
            {
              "title": "01. Login Existing User LINE",
              "fullTitle": "E2E UPBOND Mimaru Regicard STG 01. Login Existing User LINE",
              "timedOut": false,
              "duration": 42158,
              "state": "passed",
              "speed": "slow",
              "pass": true,
              "fail": false,
              "pending": false,
              "context": null,
              "code": "const chai = await import('chai');\nchai.should();\nlet driver = await createDriver();\nawait driver.get('http://mimaru-regicard.stg.upbond.io/');\nawait driver.manage().window().maximize();\nawait driver.sleep(10000);\nawait driver.findElement(By.xpath('//span[text()=\" LINE Login\"]')).click();\nawait driver.sleep(500);\nawait driver.wait(until.elementLocated(By.xpath('//div/input[@type=\"text\" and @placeholder=\"Email address\"]')), 500);\nawait driver.findElement(By.xpath('//div/input[@type=\"text\" and @placeholder=\"Email address\"]')).sendKeys(credentials.USRLINE_deastyj);\nawait driver.sleep(500);\nawait driver.findElement(By.xpath(\"//input[@name='tpasswd']\")).sendKeys(credentials.PWDLINE);\nawait driver.sleep(500);\nawait driver.findElement(By.xpath('//button[text()=\"Log in\"]')).click();\nawait driver.sleep(20000);\n// nama account line deastyj\nawait driver.wait(until.elementLocated(By.xpath('//p[@class=\"text-lg\" and contains(., \"line\") and contains(., \"deastyj\")]')), 8000);\nawait driver.sleep(500);\nawait driver.quit();",
              "err": {},
              "uuid": "137a32e1-b6c3-4465-835f-31f77856a0ba",
              "parentUUID": "3e1527a3-de66-4813-a0ba-880959a8581f",
              "isHook": false,
              "skipped": false
            },
            {
              "title": "02. Login Existing User Facebook",
              "fullTitle": "E2E UPBOND Mimaru Regicard STG 02. Login Existing User Facebook",
              "timedOut": false,
              "duration": 0,
              "state": "pending",
              "speed": null,
              "pass": false,
              "fail": false,
              "pending": true,
              "context": null,
              "code": "",
              "err": {},
              "uuid": "e20e3f5b-e470-453f-b943-9b041b60c34c",
              "parentUUID": "3e1527a3-de66-4813-a0ba-880959a8581f",
              "isHook": false,
              "skipped": false
            },
            {
              "title": "03. Login Existing User Google",
              "fullTitle": "E2E UPBOND Mimaru Regicard STG 03. Login Existing User Google",
              "timedOut": false,
              "duration": 32265,
              "state": "passed",
              "speed": "slow",
              "pass": true,
              "fail": false,
              "pending": false,
              "context": null,
              "code": "const chai = await import('chai');\nchai.should();\nlet driver = await createDriver();\nawait driver.get('http://mimaru-regicard.stg.upbond.io/');\nawait driver.manage().window().maximize();\n    \n// Login using Google\nawait driver.findElement(By.xpath('//span[text()=\" Google Login\"]')).click();\nawait driver.findElement(By.xpath('//input[@type=\"email\" and @name=\"identifier\"]')).sendKeys(credentials.USRGOOGLE);\nawait driver.sleep(1000);\nawait driver.findElement(By.xpath('//span[text()=\"Next\"]')).click();\nawait driver.sleep(2500);\nawait driver.wait(until.elementLocated(By.xpath('//input[@type=\"password\" and @name=\"Passwd\"]')), 2000);\nawait driver.findElement(By.xpath('//input[@type=\"password\" and @name=\"Passwd\"]')).sendKeys(credentials.PWDGOOGLE);\nawait driver.sleep(1000);\nawait driver.findElement(By.xpath('//span[text()=\"Next\"]')).click();\nawait driver.sleep(20000);\n\n//name account Google Deasty\nawait driver.wait(until.elementLocated(By.xpath('//p[@class=\"text-lg\" and contains(., \"Google\") and contains(., \"Deasty\")]')), 8000);\nawait driver.sleep(500);\nawait driver.quit();",
              "err": {},
              "uuid": "bd330d39-a4b7-49e0-a398-99f829c9d910",
              "parentUUID": "3e1527a3-de66-4813-a0ba-880959a8581f",
              "isHook": false,
              "skipped": false
            },
            {
              "title": "04. Login Existing User OTP",
              "fullTitle": "E2E UPBOND Mimaru Regicard STG 04. Login Existing User OTP",
              "timedOut": false,
              "duration": 56814,
              "state": "passed",
              "speed": "slow",
              "pass": true,
              "fail": false,
              "pending": false,
              "context": null,
              "code": "const chai = await import('chai');\nchai.should();\nlet driver = await createDriver();\nawait driver.get('http://mimaru-regicard.stg.upbond.io/');\nawait driver.manage().window().maximize();\n    \n// Login using OTP Email\nawait driver.findElement(By.xpath('//span[@id=\"otp-btn\" and @class=\"new-style-button-text text-center text-otp\"]')).click();\nawait driver.wait(until.elementLocated(By.xpath('//input[@type=\"text\" and @id=\"otp-email\"]')), 5000);\nawait driver.findElement(By.xpath('//input[@type=\"text\" and @id=\"otp-email\"]')).sendKeys(credentials.USROTP);\nawait driver.findElement(By.xpath('//button[@type=\"submit\" and @id=\"otp-button\"]')).click();\nawait driver.sleep(3000);\n// Switch new tab to get OTP code\nlet current_window = await driver.getWindowHandle();\nawait driver.switchTo().newWindow('tab');\nlet windows = await driver.getAllWindowHandles();\nlet tab;\nwindows.forEach(async handle =>{\n    if (handle!=current_window){\n        tab = handle;\n    }\n});\nawait driver.get('https://mail.google.com/');\nawait driver.manage().window().maximize();\nawait driver.findElement(By.xpath('//input[@type=\"email\" and @name=\"identifier\"]')).sendKeys(credentials.USRGOOGLE);\nawait driver.sleep(1000);\nawait driver.findElement(By.xpath('//span[text()=\"Next\"]')).click();\nawait driver.sleep(2500);\nawait driver.wait(until.elementLocated(By.xpath('//input[@type=\"password\" and @name=\"Passwd\"]')), 1000);\nawait driver.findElement(By.xpath('//input[@type=\"password\" and @name=\"Passwd\"]')).sendKeys(credentials.PWDGOOGLE);\nawait driver.sleep(1000);\nawait driver.findElement(By.xpath('//span[text()=\"Next\"]')).click();\nawait driver.sleep(5000);\nawait driver.wait(until.elementLocated(By.xpath('(//a[@title=\"Gmail\" and @href=\"#inbox\"])[2]')), 5000);\nlet topEmail = await driver.wait(until.elementLocated(By.css('tr.zA.zE')), 3000);\nawait topEmail.click();\nlet otpElement = await driver.findElement(By.xpath('(//p)[3]'));\nlet otpCode = await otpElement.getText();\n    \n// Back to login 3.0 page\nawait driver.getAllWindowHandles();\nawait driver.switchTo().window(current_window);\nfor (let i = 0; i < otpCode.length; i++) {\n    let inputElement = await driver.wait(until.elementLocated(By.id(`handleInput${i + 1}`)), 3000);\n    await inputElement.sendKeys(otpCode[i]);\n    await driver.sleep(1000);\n};\nawait driver.sleep(1000);\nawait driver.findElement(By.xpath('//button[@type=\"submit\"]')).click();\nawait driver.sleep(20000);\n//name account ww\nawait driver.wait(until.elementLocated(By.xpath('//p[@class=\"text-lg\" and contains(., \"ww\")]')), 8000);\nawait driver.sleep(500);\nawait driver.quit();",
              "err": {},
              "uuid": "4aef604d-0b54-48f8-9433-388790a636d0",
              "parentUUID": "3e1527a3-de66-4813-a0ba-880959a8581f",
              "isHook": false,
              "skipped": false
            }
          ],
          "suites": [],
          "passes": [
            "137a32e1-b6c3-4465-835f-31f77856a0ba",
            "bd330d39-a4b7-49e0-a398-99f829c9d910",
            "4aef604d-0b54-48f8-9433-388790a636d0"
          ],
          "failures": [],
          "pending": [
            "e20e3f5b-e470-453f-b943-9b041b60c34c"
          ],
          "skipped": [],
          "duration": 131237,
          "root": false,
          "rootEmpty": false,
          "_timeout": 200000
        }
      ],
      "passes": [],
      "failures": [],
      "pending": [],
      "skipped": [],
      "duration": 0,
      "root": true,
      "rootEmpty": true,
      "_timeout": 0
    }
  ],
  "meta": {
    "mocha": {
      "version": "10.8.2"
    },
    "mochawesome": {
      "options": {
        "quiet": false,
        "reportFilename": "mochawesome",
        "saveHtml": true,
        "saveJson": true,
        "consoleReporter": "spec",
        "useInlineDiffs": false,
        "code": true
      },
      "version": "7.1.3"
    },
    "marge": {
      "options": {
        "reportDir": "C:/Users/deast/Work/Upbond/upbond_DJ/e2e_mimaruu/report_result/regicard_existing_user_stg"
      },
      "version": "6.2.0"
    }
  }
}